21:47:03 **** Incremental Build of configuration Debug for project Labs ****
make all 
Building file: ../lab1/julian.cpp
Invoking: Cygwin C++ Compiler
g++ -O0 -g3 -Wall -c -fmessage-length=0 -MMD -MP -MF"lab1/julian.d" -MT"lab1/julian.d" -o "lab1/julian.o" "../lab1/julian.cpp"
../lab1/julian.cpp: In function 'bool is_leap_year(int)':
../lab1/julian.cpp:21:29: error: 'yera' was not declared in this scope
../lab1/julian.cpp: In function 'int julian_day(int, int, int)':
../lab1/julian.cpp:31:29: warning: comparison between signed and unsigned integer expressions [-Wsign-compare]
../lab1/julian.cpp:34:41: error: lvalue required as increment operand
../lab1/julian.cpp:34:43: error: expected ')' before 'jday'
../lab1/julian.cpp: In function 'int main()':
../lab1/julian.cpp:48:69: error: 'julan_day' was not declared in this scope
../lab1/julian.cpp: In function 'bool is_leap_year(int)':
../lab1/julian.cpp:22:1: warning: control reaches end of non-void function [-Wreturn-type]
make: *** [lab1/julian.o] Error 1
lab1/subdir.mk:18: recipe for target `lab1/julian.o' failed
21:48:06 **** Incremental Build of configuration Debug for project Labs ****
make all 
Building file: ../lab1/julian.cpp
Invoking: Cygwin C++ Compiler
g++ -O0 -g3 -Wall -c -fmessage-length=0 -MMD -MP -MF"lab1/julian.d" -MT"lab1/julian.d" -o "lab1/julian.o" "../lab1/julian.cpp"
../lab1/julian.cpp: In function 'bool is_leap_year(int)':
../lab1/julian.cpp:21:29: error: 'yera' was not declared in this scope
../lab1/julian.cpp: In function 'int julian_day(int, int, int)':
../lab1/julian.cpp:31:29: warning: comparison between signed and unsigned integer expressions [-Wsign-compare]
../lab1/julian.cpp:34:41: error: lvalue required as increment operand
../lab1/julian.cpp:34:43: error: expected ')' before 'jday'
../lab1/julian.cpp: In function 'int main()':
../lab1/julian.cpp:48:69: error: 'julan_day' was not declared in this scope
../lab1/julian.cpp: In function 'bool is_leap_year(int)':
../lab1/julian.cpp:22:1: warning: control reaches end of non-void function [-Wreturn-type]
lab1/subdir.mk:18: recipe for target `lab1/julian.o' failed
make: *** [lab1/julian.o] Error 1
